2024-10-16T00:03:59.253-07:00  INFO [Photo-App-Api-Users,,] 1839 --- [Photo-App-Api-Users] [AsyncResolver-bootstrap-executor-%d] [                                                 ] c.n.d.s.r.aws.ConfigClusterResolver      : Resolving eureka endpoints via configuration
2024-10-16T00:26:45.722-07:00  WARN [Photo-App-Api-Users,,] 1839 --- [Photo-App-Api-Users] [HikariPool-1 housekeeper] [                                                 ] com.zaxxer.hikari.pool.HikariPool        : HikariPool-1 - Thread starvation or clock leap detected (housekeeper delta=19m57s127ms).
2024-10-16T00:28:26.500-07:00  INFO [Photo-App-Api-Users,,] 1839 --- [Photo-App-Api-Users] [AsyncResolver-bootstrap-executor-%d] [                                                 ] c.n.d.s.r.aws.ConfigClusterResolver      : Resolving eureka endpoints via configuration
2024-10-16T00:33:26.520-07:00  INFO [Photo-App-Api-Users,,] 1839 --- [Photo-App-Api-Users] [AsyncResolver-bootstrap-executor-%d] [                                                 ] c.n.d.s.r.aws.ConfigClusterResolver      : Resolving eureka endpoints via configuration
2024-10-16T00:38:26.539-07:00  INFO [Photo-App-Api-Users,,] 1839 --- [Photo-App-Api-Users] [AsyncResolver-bootstrap-executor-%d] [                                                 ] c.n.d.s.r.aws.ConfigClusterResolver      : Resolving eureka endpoints via configuration
2024-10-16T00:43:26.559-07:00  INFO [Photo-App-Api-Users,,] 1839 --- [Photo-App-Api-Users] [AsyncResolver-bootstrap-executor-%d] [                                                 ] c.n.d.s.r.aws.ConfigClusterResolver      : Resolving eureka endpoints via configuration
2024-10-16T00:48:26.581-07:00  INFO [Photo-App-Api-Users,,] 1839 --- [Photo-App-Api-Users] [AsyncResolver-bootstrap-executor-%d] [                                                 ] c.n.d.s.r.aws.ConfigClusterResolver      : Resolving eureka endpoints via configuration
2024-10-16T00:53:26.603-07:00  INFO [Photo-App-Api-Users,,] 1839 --- [Photo-App-Api-Users] [AsyncResolver-bootstrap-executor-%d] [                                                 ] c.n.d.s.r.aws.ConfigClusterResolver      : Resolving eureka endpoints via configuration
2024-10-16T02:19:32.494-07:00  WARN [Photo-App-Api-Users,,] 1839 --- [Photo-App-Api-Users] [HikariPool-1 housekeeper] [                                                 ] com.zaxxer.hikari.pool.HikariPool        : HikariPool-1 - Thread starvation or clock leap detected (housekeeper delta=1h24m15s593ms).
2024-10-16T02:56:25.348-07:00  WARN [Photo-App-Api-Users,,] 1839 --- [Photo-App-Api-Users] [HikariPool-1 housekeeper] [                                                 ] com.zaxxer.hikari.pool.HikariPool        : HikariPool-1 - Thread starvation or clock leap detected (housekeeper delta=36m53s408ms).
2024-10-16T03:57:46.945-07:00  WARN [Photo-App-Api-Users,,] 1839 --- [Photo-App-Api-Users] [HikariPool-1 housekeeper] [                                                 ] com.zaxxer.hikari.pool.HikariPool        : HikariPool-1 - Thread starvation or clock leap detected (housekeeper delta=1h1m21s651ms).
2024-10-16T06:00:01.677-07:00  WARN [Photo-App-Api-Users,,] 1839 --- [Photo-App-Api-Users] [HikariPool-1 housekeeper] [                                                 ] com.zaxxer.hikari.pool.HikariPool        : HikariPool-1 - Thread starvation or clock leap detected (housekeeper delta=2h2m14s96ms).
2024-10-16T06:18:01.502-07:00  WARN [Photo-App-Api-Users,,] 1839 --- [Photo-App-Api-Users] [HikariPool-1 housekeeper] [                                                 ] com.zaxxer.hikari.pool.HikariPool        : HikariPool-1 - Thread starvation or clock leap detected (housekeeper delta=18m462ms).
2024-10-16T07:01:13.650-07:00  INFO [Photo-App-Api-Users,,] 1839 --- [Photo-App-Api-Users] [AsyncResolver-bootstrap-executor-%d] [                                                 ] c.n.d.s.r.aws.ConfigClusterResolver      : Resolving eureka endpoints via configuration
2024-10-16T07:01:27.048-07:00  WARN [Photo-App-Api-Users,,] 1839 --- [Photo-App-Api-Users] [HikariPool-1 housekeeper] [                                                 ] com.zaxxer.hikari.pool.HikariPool        : HikariPool-1 - Thread starvation or clock leap detected (housekeeper delta=43m25s547ms).
2024-10-16T09:03:20.344-07:00  WARN [Photo-App-Api-Users,,] 1839 --- [Photo-App-Api-Users] [HikariPool-1 housekeeper] [                                                 ] com.zaxxer.hikari.pool.HikariPool        : HikariPool-1 - Thread starvation or clock leap detected (housekeeper delta=2h1m53s260ms).
2024-10-16T09:11:06.984-07:00  WARN [Photo-App-Api-Users,,] 1839 --- [Photo-App-Api-Users] [HikariPool-1 housekeeper] [                                                 ] com.zaxxer.hikari.pool.HikariPool        : HikariPool-1 - Thread starvation or clock leap detected (housekeeper delta=7m46s672ms).
2024-10-16T09:24:42.616-07:00  WARN [Photo-App-Api-Users,,] 1839 --- [Photo-App-Api-Users] [HikariPool-1 housekeeper] [                                                 ] com.zaxxer.hikari.pool.HikariPool        : HikariPool-1 - Thread starvation or clock leap detected (housekeeper delta=10m35s603ms).
2024-10-16T09:24:46.678-07:00  INFO [Photo-App-Api-Users,,] 1839 --- [Photo-App-Api-Users] [AsyncResolver-bootstrap-executor-%d] [                                                 ] c.n.d.s.r.aws.ConfigClusterResolver      : Resolving eureka endpoints via configuration
2024-10-16T09:29:46.697-07:00  INFO [Photo-App-Api-Users,,] 1839 --- [Photo-App-Api-Users] [AsyncResolver-bootstrap-executor-%d] [                                                 ] c.n.d.s.r.aws.ConfigClusterResolver      : Resolving eureka endpoints via configuration
2024-10-16T09:34:46.704-07:00  INFO [Photo-App-Api-Users,,] 1839 --- [Photo-App-Api-Users] [AsyncResolver-bootstrap-executor-%d] [                                                 ] c.n.d.s.r.aws.ConfigClusterResolver      : Resolving eureka endpoints via configuration
2024-10-16T09:39:46.721-07:00  INFO [Photo-App-Api-Users,,] 1839 --- [Photo-App-Api-Users] [AsyncResolver-bootstrap-executor-%d] [                                                 ] c.n.d.s.r.aws.ConfigClusterResolver      : Resolving eureka endpoints via configuration
2024-10-16T09:44:46.696-07:00  INFO [Photo-App-Api-Users,,] 1839 --- [Photo-App-Api-Users] [AsyncResolver-bootstrap-executor-%d] [                                                 ] c.n.d.s.r.aws.ConfigClusterResolver      : Resolving eureka endpoints via configuration
2024-10-16T09:49:46.704-07:00  INFO [Photo-App-Api-Users,,] 1839 --- [Photo-App-Api-Users] [AsyncResolver-bootstrap-executor-%d] [                                                 ] c.n.d.s.r.aws.ConfigClusterResolver      : Resolving eureka endpoints via configuration
2024-10-16T09:54:46.726-07:00  INFO [Photo-App-Api-Users,,] 1839 --- [Photo-App-Api-Users] [AsyncResolver-bootstrap-executor-%d] [                                                 ] c.n.d.s.r.aws.ConfigClusterResolver      : Resolving eureka endpoints via configuration
2024-10-16T09:59:46.909-07:00  INFO [Photo-App-Api-Users,,] 1839 --- [Photo-App-Api-Users] [AsyncResolver-bootstrap-executor-%d] [                                                 ] c.n.d.s.r.aws.ConfigClusterResolver      : Resolving eureka endpoints via configuration
2024-10-16T10:04:46.915-07:00  INFO [Photo-App-Api-Users,,] 1839 --- [Photo-App-Api-Users] [AsyncResolver-bootstrap-executor-%d] [                                                 ] c.n.d.s.r.aws.ConfigClusterResolver      : Resolving eureka endpoints via configuration
2024-10-16T10:09:46.922-07:00  INFO [Photo-App-Api-Users,,] 1839 --- [Photo-App-Api-Users] [AsyncResolver-bootstrap-executor-%d] [                                                 ] c.n.d.s.r.aws.ConfigClusterResolver      : Resolving eureka endpoints via configuration
2024-10-16T10:14:46.930-07:00  INFO [Photo-App-Api-Users,,] 1839 --- [Photo-App-Api-Users] [AsyncResolver-bootstrap-executor-%d] [                                                 ] c.n.d.s.r.aws.ConfigClusterResolver      : Resolving eureka endpoints via configuration
2024-10-16T10:19:46.940-07:00  INFO [Photo-App-Api-Users,,] 1839 --- [Photo-App-Api-Users] [AsyncResolver-bootstrap-executor-%d] [                                                 ] c.n.d.s.r.aws.ConfigClusterResolver      : Resolving eureka endpoints via configuration
2024-10-16T10:24:46.951-07:00  INFO [Photo-App-Api-Users,,] 1839 --- [Photo-App-Api-Users] [AsyncResolver-bootstrap-executor-%d] [                                                 ] c.n.d.s.r.aws.ConfigClusterResolver      : Resolving eureka endpoints via configuration
2024-10-16T10:29:46.963-07:00  INFO [Photo-App-Api-Users,,] 1839 --- [Photo-App-Api-Users] [AsyncResolver-bootstrap-executor-%d] [                                                 ] c.n.d.s.r.aws.ConfigClusterResolver      : Resolving eureka endpoints via configuration
2024-10-16T10:34:46.984-07:00  INFO [Photo-App-Api-Users,,] 1839 --- [Photo-App-Api-Users] [AsyncResolver-bootstrap-executor-%d] [                                                 ] c.n.d.s.r.aws.ConfigClusterResolver      : Resolving eureka endpoints via configuration
2024-10-16T10:39:46.995-07:00  INFO [Photo-App-Api-Users,,] 1839 --- [Photo-App-Api-Users] [AsyncResolver-bootstrap-executor-%d] [                                                 ] c.n.d.s.r.aws.ConfigClusterResolver      : Resolving eureka endpoints via configuration
2024-10-16T10:44:47.005-07:00  INFO [Photo-App-Api-Users,,] 1839 --- [Photo-App-Api-Users] [AsyncResolver-bootstrap-executor-%d] [                                                 ] c.n.d.s.r.aws.ConfigClusterResolver      : Resolving eureka endpoints via configuration
2024-10-16T10:49:47.013-07:00  INFO [Photo-App-Api-Users,,] 1839 --- [Photo-App-Api-Users] [AsyncResolver-bootstrap-executor-%d] [                                                 ] c.n.d.s.r.aws.ConfigClusterResolver      : Resolving eureka endpoints via configuration
2024-10-16T10:54:47.017-07:00  INFO [Photo-App-Api-Users,,] 1839 --- [Photo-App-Api-Users] [AsyncResolver-bootstrap-executor-%d] [                                                 ] c.n.d.s.r.aws.ConfigClusterResolver      : Resolving eureka endpoints via configuration
2024-10-16T10:59:47.024-07:00  INFO [Photo-App-Api-Users,,] 1839 --- [Photo-App-Api-Users] [AsyncResolver-bootstrap-executor-%d] [                                                 ] c.n.d.s.r.aws.ConfigClusterResolver      : Resolving eureka endpoints via configuration
2024-10-16T11:04:47.036-07:00  INFO [Photo-App-Api-Users,,] 1839 --- [Photo-App-Api-Users] [AsyncResolver-bootstrap-executor-%d] [                                                 ] c.n.d.s.r.aws.ConfigClusterResolver      : Resolving eureka endpoints via configuration
2024-10-16T11:09:47.042-07:00  INFO [Photo-App-Api-Users,,] 1839 --- [Photo-App-Api-Users] [AsyncResolver-bootstrap-executor-%d] [                                                 ] c.n.d.s.r.aws.ConfigClusterResolver      : Resolving eureka endpoints via configuration
2024-10-16T11:12:18.415-07:00  INFO [Photo-App-Api-Users,,] 1839 --- [Photo-App-Api-Users] [SpringApplicationShutdownHook] [                                                 ] o.s.c.n.e.s.EurekaServiceRegistry        : Unregistering application PHOTO-APP-API-USERS with eureka with status DOWN
2024-10-16T11:12:18.448-07:00  INFO [Photo-App-Api-Users,,] 1839 --- [Photo-App-Api-Users] [SpringApplicationShutdownHook] [                                                 ] com.netflix.discovery.DiscoveryClient    : Saw local status change event StatusChangeEvent [timestamp=1729102338447, current=DOWN, previous=UP]
2024-10-16T11:12:18.468-07:00  INFO [Photo-App-Api-Users,,] 1839 --- [Photo-App-Api-Users] [DiscoveryClient-InstanceInfoReplicator-%d] [                                                 ] com.netflix.discovery.DiscoveryClient    : DiscoveryClient_PHOTO-APP-API-USERS/Photo-App-Api-Users:{spring.application.instance_id:ed00ba714bda0336b66ad5fe516df804: registering service...
2024-10-16T11:12:19.246-07:00  INFO [Photo-App-Api-Users,,] 1839 --- [Photo-App-Api-Users] [DiscoveryClient-InstanceInfoReplicator-%d] [                                                 ] com.netflix.discovery.DiscoveryClient    : DiscoveryClient_PHOTO-APP-API-USERS/Photo-App-Api-Users:{spring.application.instance_id:ed00ba714bda0336b66ad5fe516df804 - registration status: 204
2024-10-16T11:12:20.187-07:00  INFO [Photo-App-Api-Users,,] 1839 --- [Photo-App-Api-Users] [SpringApplicationShutdownHook] [                                                 ] o.s.a.r.l.SimpleMessageListenerContainer : Waiting for workers to finish.
2024-10-16T11:12:20.190-07:00  INFO [Photo-App-Api-Users,,] 1839 --- [Photo-App-Api-Users] [SpringApplicationShutdownHook] [                                                 ] o.s.a.r.l.SimpleMessageListenerContainer : Successfully waited for workers to finish.
2024-10-16T11:12:20.221-07:00  INFO [Photo-App-Api-Users,,] 1839 --- [Photo-App-Api-Users] [SpringApplicationShutdownHook] [                                                 ] o.s.i.a.i.AmqpInboundChannelAdapter      : stopped bean 'inbound.springCloudBus.anonymous.4nrGXZPVQEOb3Zw9obWBUA'
2024-10-16T11:12:20.565-07:00  INFO [Photo-App-Api-Users,,] 1839 --- [Photo-App-Api-Users] [SpringApplicationShutdownHook] [                                                 ] o.s.c.stream.binder.BinderErrorChannel   : Channel 'application-1.rabbit-881305041.springCloudBusInput.errors' has 1 subscriber(s).
2024-10-16T11:12:22.892-07:00  INFO [Photo-App-Api-Users,,] 1839 --- [Photo-App-Api-Users] [SpringApplicationShutdownHook] [                                                 ] o.s.i.endpoint.EventDrivenConsumer       : Removing {logging-channel-adapter:_org.springframework.integration.errorLogger} as a subscriber to the 'errorChannel' channel
2024-10-16T11:12:22.895-07:00  INFO [Photo-App-Api-Users,,] 1839 --- [Photo-App-Api-Users] [SpringApplicationShutdownHook] [                                                 ] o.s.i.channel.PublishSubscribeChannel    : Channel 'application-1.errorChannel' has 0 subscriber(s).
2024-10-16T11:12:22.903-07:00  INFO [Photo-App-Api-Users,,] 1839 --- [Photo-App-Api-Users] [SpringApplicationShutdownHook] [                                                 ] o.s.i.endpoint.EventDrivenConsumer       : stopped bean '_org.springframework.integration.errorLogger'
2024-10-16T11:12:23.031-07:00  INFO [Photo-App-Api-Users,,] 1839 --- [Photo-App-Api-Users] [SpringApplicationShutdownHook] [                                                 ] j.LocalContainerEntityManagerFactoryBean : Closing JPA EntityManagerFactory for persistence unit 'default'
2024-10-16T11:12:23.093-07:00  INFO [Photo-App-Api-Users,,] 1839 --- [Photo-App-Api-Users] [SpringApplicationShutdownHook] [                                                 ] com.zaxxer.hikari.HikariDataSource       : HikariPool-1 - Shutdown initiated...
2024-10-16T11:12:23.149-07:00  INFO [Photo-App-Api-Users,,] 1839 --- [Photo-App-Api-Users] [SpringApplicationShutdownHook] [                                                 ] com.zaxxer.hikari.HikariDataSource       : HikariPool-1 - Shutdown completed.
2024-10-16T11:12:23.585-07:00  INFO [Photo-App-Api-Users,,] 1839 --- [Photo-App-Api-Users] [SpringApplicationShutdownHook] [                                                 ] com.netflix.discovery.DiscoveryClient    : Shutting down DiscoveryClient ...
